<?xml version="1.0" encoding="UTF-8"?>
<!-- Generated by org.testng.reporters.JUnitXMLReporter -->
<testsuite ignored="0" hostname="Win10-2-206" failures="0" tests="3" name="Default test" time="33.575" errors="0" timestamp="2022-01-13T18:55:12 IST">
  <testcase classname="com.qa.zerobank.TestCases.AccountSummaryPageTestCases" name="validateAccountSummaryPageTitle" time="5.29"/>
  <testcase classname="com.qa.zerobank.TestCases.AccountSummaryPageTestCases" name="payBillsTest" time="6.35"/>
  <testcase classname="com.qa.zerobank.TestCases.AccountSummaryPageTestCases" name="signOutTest" time="5.492"/>
</testsuite> <!-- Default test -->
